C:\Users\RezaulAkram\documents\visual studio 2010\Projects\520-S14-JelloCube\CreateWorld\Release\cl.command.1.tlog
C:\Users\RezaulAkram\documents\visual studio 2010\Projects\520-S14-JelloCube\CreateWorld\Release\CL.read.1.tlog
C:\Users\RezaulAkram\documents\visual studio 2010\Projects\520-S14-JelloCube\CreateWorld\Release\CL.write.1.tlog
C:\USERS\REZAULAKRAM\DOCUMENTS\VISUAL STUDIO 2010\PROJECTS\520-S14-JELLOCUBE\CREATEWORLD\RELEASE\CREATEWORLD.EXE.INTERMEDIATE.MANIFEST
C:\Users\RezaulAkram\documents\visual studio 2010\Projects\520-S14-JelloCube\CreateWorld\Release\CreateWorld.write.1.tlog
C:\USERS\REZAULAKRAM\DOCUMENTS\VISUAL STUDIO 2010\PROJECTS\520-S14-JELLOCUBE\CREATEWORLD\RELEASE\INPUT.OBJ
C:\USERS\REZAULAKRAM\DOCUMENTS\VISUAL STUDIO 2010\PROJECTS\520-S14-JELLOCUBE\CREATEWORLD\RELEASE\JELLO.OBJ
C:\Users\RezaulAkram\documents\visual studio 2010\Projects\520-S14-JelloCube\CreateWorld\Release\link.command.1.tlog
C:\Users\RezaulAkram\documents\visual studio 2010\Projects\520-S14-JelloCube\CreateWorld\Release\link.read.1.tlog
C:\Users\RezaulAkram\documents\visual studio 2010\Projects\520-S14-JelloCube\CreateWorld\Release\link.write.1.tlog
C:\Users\RezaulAkram\documents\visual studio 2010\Projects\520-S14-JelloCube\CreateWorld\Release\mt.command.1.tlog
C:\Users\RezaulAkram\documents\visual studio 2010\Projects\520-S14-JelloCube\CreateWorld\Release\mt.read.1.tlog
C:\Users\RezaulAkram\documents\visual studio 2010\Projects\520-S14-JelloCube\CreateWorld\Release\mt.write.1.tlog
C:\USERS\REZAULAKRAM\DOCUMENTS\VISUAL STUDIO 2010\PROJECTS\520-S14-JELLOCUBE\CREATEWORLD\RELEASE\PHYSICS.OBJ
C:\USERS\REZAULAKRAM\DOCUMENTS\VISUAL STUDIO 2010\PROJECTS\520-S14-JELLOCUBE\CREATEWORLD\RELEASE\PIC.OBJ
C:\USERS\REZAULAKRAM\DOCUMENTS\VISUAL STUDIO 2010\PROJECTS\520-S14-JELLOCUBE\CREATEWORLD\RELEASE\PPM.OBJ
C:\USERS\REZAULAKRAM\DOCUMENTS\VISUAL STUDIO 2010\PROJECTS\520-S14-JELLOCUBE\CREATEWORLD\RELEASE\SHOWCUBE.OBJ
C:\USERS\REZAULAKRAM\DOCUMENTS\VISUAL STUDIO 2010\PROJECTS\520-S14-JELLOCUBE\CREATEWORLD\RELEASE\VC100.PDB
C:\USERS\REZAULAKRAM\DOCUMENTS\VISUAL STUDIO 2010\PROJECTS\520-S14-JELLOCUBE\RELEASE\CREATEWORLD.EXE
C:\USERS\REZAULAKRAM\DOCUMENTS\VISUAL STUDIO 2010\PROJECTS\520-S14-JELLOCUBE\RELEASE\CREATEWORLD.PDB
