Build started 2/12/2014 10:40:23 PM.
     1>Project "C:\Users\RezaulAkram\documents\visual studio 2010\Projects\520-S14-JelloCube\CreateWorld\CreateWorld.vcxproj" on node 2 (build target(s)).
     1>InitializeBuildStatus:
         Creating "Release\CreateWorld.unsuccessfulbuild" because "AlwaysCreate" was specified.
       ClCompile:
         C:\Program Files\Microsoft Visual Studio 10.0\VC\bin\CL.exe /c /Zi /nologo /W3 /WX- /O2 /Oi /Oy- /GL /D _MBCS /Gm- /EHsc /MD /GS /Gy /fp:precise /Zc:wchar_t /Zc:forScope /Fo"Release\\" /Fd"Release\vc100.pdb" /Gd /TP /analyze- /errorReport:prompt ..\input.cpp ..\jello.cpp
         input.cpp
     1>..\input.cpp(52): warning C4101: 'pmaxZ' : unreferenced local variable
     1>..\input.cpp(52): warning C4101: 'pminY' : unreferenced local variable
     1>..\input.cpp(52): warning C4101: 'pminZ' : unreferenced local variable
     1>..\input.cpp(52): warning C4101: 'pmaxY' : unreferenced local variable
     1>..\input.cpp(52): warning C4101: 'pmaxX' : unreferenced local variable
     1>..\input.cpp(52): warning C4101: 'pminX' : unreferenced local variable
     1>..\input.cpp(250): warning C4996: 'fopen': This function or variable may be unsafe. Consider using fopen_s instead. To disable deprecation, use _CRT_SECURE_NO_WARNINGS. See online help for details.
                 C:\Program Files\Microsoft Visual Studio 10.0\VC\include\stdio.h(234) : see declaration of 'fopen'
     1>..\input.cpp(312): warning C4996: 'fscanf': This function or variable may be unsafe. Consider using fscanf_s instead. To disable deprecation, use _CRT_SECURE_NO_WARNINGS. See online help for details.
                 C:\Program Files\Microsoft Visual Studio 10.0\VC\include\stdio.h(253) : see declaration of 'fscanf'
     1>..\input.cpp(315): warning C4996: 'fscanf': This function or variable may be unsafe. Consider using fscanf_s instead. To disable deprecation, use _CRT_SECURE_NO_WARNINGS. See online help for details.
                 C:\Program Files\Microsoft Visual Studio 10.0\VC\include\stdio.h(253) : see declaration of 'fscanf'
     1>..\input.cpp(319): warning C4996: 'fscanf': This function or variable may be unsafe. Consider using fscanf_s instead. To disable deprecation, use _CRT_SECURE_NO_WARNINGS. See online help for details.
                 C:\Program Files\Microsoft Visual Studio 10.0\VC\include\stdio.h(253) : see declaration of 'fscanf'
     1>..\input.cpp(322): warning C4996: 'fscanf': This function or variable may be unsafe. Consider using fscanf_s instead. To disable deprecation, use _CRT_SECURE_NO_WARNINGS. See online help for details.
                 C:\Program Files\Microsoft Visual Studio 10.0\VC\include\stdio.h(253) : see declaration of 'fscanf'
     1>..\input.cpp(325): warning C4996: 'fscanf': This function or variable may be unsafe. Consider using fscanf_s instead. To disable deprecation, use _CRT_SECURE_NO_WARNINGS. See online help for details.
                 C:\Program Files\Microsoft Visual Studio 10.0\VC\include\stdio.h(253) : see declaration of 'fscanf'
     1>..\input.cpp(327): warning C4996: 'fscanf': This function or variable may be unsafe. Consider using fscanf_s instead. To disable deprecation, use _CRT_SECURE_NO_WARNINGS. See online help for details.
                 C:\Program Files\Microsoft Visual Studio 10.0\VC\include\stdio.h(253) : see declaration of 'fscanf'
     1>..\input.cpp(330): warning C4996: 'fscanf': This function or variable may be unsafe. Consider using fscanf_s instead. To disable deprecation, use _CRT_SECURE_NO_WARNINGS. See online help for details.
                 C:\Program Files\Microsoft Visual Studio 10.0\VC\include\stdio.h(253) : see declaration of 'fscanf'
     1>..\input.cpp(340): warning C4996: 'fscanf': This function or variable may be unsafe. Consider using fscanf_s instead. To disable deprecation, use _CRT_SECURE_NO_WARNINGS. See online help for details.
                 C:\Program Files\Microsoft Visual Studio 10.0\VC\include\stdio.h(253) : see declaration of 'fscanf'
     1>..\input.cpp(350): warning C4996: 'fscanf': This function or variable may be unsafe. Consider using fscanf_s instead. To disable deprecation, use _CRT_SECURE_NO_WARNINGS. See online help for details.
                 C:\Program Files\Microsoft Visual Studio 10.0\VC\include\stdio.h(253) : see declaration of 'fscanf'
     1>..\input.cpp(361): warning C4996: 'fscanf': This function or variable may be unsafe. Consider using fscanf_s instead. To disable deprecation, use _CRT_SECURE_NO_WARNINGS. See online help for details.
                 C:\Program Files\Microsoft Visual Studio 10.0\VC\include\stdio.h(253) : see declaration of 'fscanf'
     1>..\input.cpp(380): warning C4996: 'fopen': This function or variable may be unsafe. Consider using fopen_s instead. To disable deprecation, use _CRT_SECURE_NO_WARNINGS. See online help for details.
                 C:\Program Files\Microsoft Visual Studio 10.0\VC\include\stdio.h(234) : see declaration of 'fopen'
         jello.cpp
     1>..\jello.cpp(242): warning C4101: 'i' : unreferenced local variable
       Link:
         C:\Program Files\Microsoft Visual Studio 10.0\VC\bin\link.exe /ERRORREPORT:PROMPT /OUT:"C:\Users\RezaulAkram\documents\visual studio 2010\Projects\520-S14-JelloCube\Release\CreateWorld.exe" /NOLOGO kernel32.lib user32.lib gdi32.lib winspool.lib comdlg32.lib advapi32.lib shell32.lib ole32.lib oleaut32.lib uuid.lib odbc32.lib odbccp32.lib /MANIFEST /ManifestFile:"Release\CreateWorld.exe.intermediate.manifest" /MANIFESTUAC:"level='asInvoker' uiAccess='false'" /DEBUG /PDB:"C:\Users\RezaulAkram\documents\visual studio 2010\Projects\520-S14-JelloCube\Release\CreateWorld.pdb" /OPT:REF /OPT:ICF /LTCG /TLBID:1 /DYNAMICBASE /NXCOMPAT /IMPLIB:"C:\Users\RezaulAkram\documents\visual studio 2010\Projects\520-S14-JelloCube\Release\CreateWorld.lib" /MACHINE:X86 Release\input.obj
         Release\jello.obj
         Release\physics.obj
         Release\pic.obj
         Release\ppm.obj
         Release\showCube.obj
         Generating code
         Finished generating code
         CreateWorld.vcxproj -> C:\Users\RezaulAkram\documents\visual studio 2010\Projects\520-S14-JelloCube\Release\CreateWorld.exe
       Manifest:
         C:\Program Files\Microsoft SDKs\Windows\v7.0A\bin\mt.exe /nologo /verbose /outputresource:"C:\Users\RezaulAkram\documents\visual studio 2010\Projects\520-S14-JelloCube\Release\CreateWorld.exe;#1" /manifest Release\CreateWorld.exe.intermediate.manifest
       FinalizeBuildStatus:
         Deleting file "Release\CreateWorld.unsuccessfulbuild".
         Touching "Release\CreateWorld.lastbuildstate".
     1>Done Building Project "C:\Users\RezaulAkram\documents\visual studio 2010\Projects\520-S14-JelloCube\CreateWorld\CreateWorld.vcxproj" (build target(s)).

Build succeeded.

Time Elapsed 00:00:02.94
