C:\Users\RezaulAkram\Documents\Visual Studio 2010\Projects\520-S14-MoCap\csci520-assignment2-startercode\IDE-starter\VS2010\mocapPlayer\Release\cl.command.1.tlog
C:\Users\RezaulAkram\Documents\Visual Studio 2010\Projects\520-S14-MoCap\csci520-assignment2-startercode\IDE-starter\VS2010\mocapPlayer\Release\CL.read.1.tlog
C:\Users\RezaulAkram\Documents\Visual Studio 2010\Projects\520-S14-MoCap\csci520-assignment2-startercode\IDE-starter\VS2010\mocapPlayer\Release\CL.write.1.tlog
C:\USERS\REZAULAKRAM\DOCUMENTS\VISUAL STUDIO 2010\PROJECTS\520-S14-MOCAP\CSCI520-ASSIGNMENT2-STARTERCODE\IDE-STARTER\VS2010\MOCAPPLAYER\RELEASE\DISPLAYSKELETON.OBJ
C:\USERS\REZAULAKRAM\DOCUMENTS\VISUAL STUDIO 2010\PROJECTS\520-S14-MOCAP\CSCI520-ASSIGNMENT2-STARTERCODE\IDE-STARTER\VS2010\MOCAPPLAYER\RELEASE\INTERFACE.OBJ
C:\Users\RezaulAkram\Documents\Visual Studio 2010\Projects\520-S14-MoCap\csci520-assignment2-startercode\IDE-starter\VS2010\mocapPlayer\Release\link.command.1.tlog
C:\Users\RezaulAkram\Documents\Visual Studio 2010\Projects\520-S14-MoCap\csci520-assignment2-startercode\IDE-starter\VS2010\mocapPlayer\Release\link.read.1.tlog
C:\Users\RezaulAkram\Documents\Visual Studio 2010\Projects\520-S14-MoCap\csci520-assignment2-startercode\IDE-starter\VS2010\mocapPlayer\Release\link.write.1.tlog
C:\USERS\REZAULAKRAM\DOCUMENTS\VISUAL STUDIO 2010\PROJECTS\520-S14-MOCAP\CSCI520-ASSIGNMENT2-STARTERCODE\IDE-STARTER\VS2010\MOCAPPLAYER\RELEASE\MOCAPPLAYER.EXE.INTERMEDIATE.MANIFEST
C:\USERS\REZAULAKRAM\DOCUMENTS\VISUAL STUDIO 2010\PROJECTS\520-S14-MOCAP\CSCI520-ASSIGNMENT2-STARTERCODE\IDE-STARTER\VS2010\MOCAPPLAYER\RELEASE\MOCAPPLAYER.OBJ
C:\Users\RezaulAkram\Documents\Visual Studio 2010\Projects\520-S14-MoCap\csci520-assignment2-startercode\IDE-starter\VS2010\mocapPlayer\Release\mocapPlayer.vcxprojResolveAssemblyReference.cache
C:\Users\RezaulAkram\Documents\Visual Studio 2010\Projects\520-S14-MoCap\csci520-assignment2-startercode\IDE-starter\VS2010\mocapPlayer\Release\mocapPlayer.write.1.tlog
C:\USERS\REZAULAKRAM\DOCUMENTS\VISUAL STUDIO 2010\PROJECTS\520-S14-MOCAP\CSCI520-ASSIGNMENT2-STARTERCODE\IDE-STARTER\VS2010\MOCAPPLAYER\RELEASE\MOTION.OBJ
C:\Users\RezaulAkram\Documents\Visual Studio 2010\Projects\520-S14-MoCap\csci520-assignment2-startercode\IDE-starter\VS2010\mocapPlayer\Release\mt.command.1.tlog
C:\Users\RezaulAkram\Documents\Visual Studio 2010\Projects\520-S14-MoCap\csci520-assignment2-startercode\IDE-starter\VS2010\mocapPlayer\Release\mt.read.1.tlog
C:\Users\RezaulAkram\Documents\Visual Studio 2010\Projects\520-S14-MoCap\csci520-assignment2-startercode\IDE-starter\VS2010\mocapPlayer\Release\mt.write.1.tlog
C:\USERS\REZAULAKRAM\DOCUMENTS\VISUAL STUDIO 2010\PROJECTS\520-S14-MOCAP\CSCI520-ASSIGNMENT2-STARTERCODE\IDE-STARTER\VS2010\MOCAPPLAYER\RELEASE\PERFORMANCECOUNTER.OBJ
C:\USERS\REZAULAKRAM\DOCUMENTS\VISUAL STUDIO 2010\PROJECTS\520-S14-MOCAP\CSCI520-ASSIGNMENT2-STARTERCODE\IDE-STARTER\VS2010\MOCAPPLAYER\RELEASE\PIC.OBJ
C:\USERS\REZAULAKRAM\DOCUMENTS\VISUAL STUDIO 2010\PROJECTS\520-S14-MOCAP\CSCI520-ASSIGNMENT2-STARTERCODE\IDE-STARTER\VS2010\MOCAPPLAYER\RELEASE\POSTURE.OBJ
C:\USERS\REZAULAKRAM\DOCUMENTS\VISUAL STUDIO 2010\PROJECTS\520-S14-MOCAP\CSCI520-ASSIGNMENT2-STARTERCODE\IDE-STARTER\VS2010\MOCAPPLAYER\RELEASE\PPM.OBJ
C:\USERS\REZAULAKRAM\DOCUMENTS\VISUAL STUDIO 2010\PROJECTS\520-S14-MOCAP\CSCI520-ASSIGNMENT2-STARTERCODE\IDE-STARTER\VS2010\MOCAPPLAYER\RELEASE\QUATERNION.OBJ
C:\USERS\REZAULAKRAM\DOCUMENTS\VISUAL STUDIO 2010\PROJECTS\520-S14-MOCAP\CSCI520-ASSIGNMENT2-STARTERCODE\IDE-STARTER\VS2010\MOCAPPLAYER\RELEASE\SKELETON.OBJ
C:\USERS\REZAULAKRAM\DOCUMENTS\VISUAL STUDIO 2010\PROJECTS\520-S14-MOCAP\CSCI520-ASSIGNMENT2-STARTERCODE\IDE-STARTER\VS2010\MOCAPPLAYER\RELEASE\TRANSFORM.OBJ
C:\USERS\REZAULAKRAM\DOCUMENTS\VISUAL STUDIO 2010\PROJECTS\520-S14-MOCAP\CSCI520-ASSIGNMENT2-STARTERCODE\IDE-STARTER\VS2010\MOCAPPLAYER\RELEASE\VC100.PDB
C:\USERS\REZAULAKRAM\DOCUMENTS\VISUAL STUDIO 2010\PROJECTS\520-S14-MOCAP\CSCI520-ASSIGNMENT2-STARTERCODE\IDE-STARTER\VS2010\MOCAPPLAYER\RELEASE\VECTOR.OBJ
C:\USERS\REZAULAKRAM\DOCUMENTS\VISUAL STUDIO 2010\PROJECTS\520-S14-MOCAP\CSCI520-ASSIGNMENT2-STARTERCODE\IDE-STARTER\VS2010\RELEASE\MOCAPPLAYER.EXE
C:\USERS\REZAULAKRAM\DOCUMENTS\VISUAL STUDIO 2010\PROJECTS\520-S14-MOCAP\CSCI520-ASSIGNMENT2-STARTERCODE\IDE-STARTER\VS2010\RELEASE\MOCAPPLAYER.PDB
