C:\Users\RezaulAkram\documents\visual studio 2010\Projects\520-S14-JelloCube\CreateWorld\Debug\cl.command.1.tlog
C:\Users\RezaulAkram\documents\visual studio 2010\Projects\520-S14-JelloCube\CreateWorld\Debug\CL.read.1.tlog
C:\Users\RezaulAkram\documents\visual studio 2010\Projects\520-S14-JelloCube\CreateWorld\Debug\CL.write.1.tlog
C:\USERS\REZAULAKRAM\DOCUMENTS\VISUAL STUDIO 2010\PROJECTS\520-S14-JELLOCUBE\CREATEWORLD\DEBUG\CREATEWORLD.EXE.INTERMEDIATE.MANIFEST
C:\Users\RezaulAkram\documents\visual studio 2010\Projects\520-S14-JelloCube\CreateWorld\Debug\CreateWorld.vcxprojResolveAssemblyReference.cache
C:\Users\RezaulAkram\documents\visual studio 2010\Projects\520-S14-JelloCube\CreateWorld\Debug\CreateWorld.write.1.tlog
C:\USERS\REZAULAKRAM\DOCUMENTS\VISUAL STUDIO 2010\PROJECTS\520-S14-JELLOCUBE\CREATEWORLD\DEBUG\INPUT.OBJ
C:\USERS\REZAULAKRAM\DOCUMENTS\VISUAL STUDIO 2010\PROJECTS\520-S14-JELLOCUBE\CREATEWORLD\DEBUG\JELLO.OBJ
C:\Users\RezaulAkram\documents\visual studio 2010\Projects\520-S14-JelloCube\CreateWorld\Debug\link.command.1.tlog
C:\Users\RezaulAkram\documents\visual studio 2010\Projects\520-S14-JelloCube\CreateWorld\Debug\link.read.1.tlog
C:\Users\RezaulAkram\documents\visual studio 2010\Projects\520-S14-JelloCube\CreateWorld\Debug\link.write.1.tlog
C:\Users\RezaulAkram\documents\visual studio 2010\Projects\520-S14-JelloCube\CreateWorld\Debug\mt.command.1.tlog
C:\Users\RezaulAkram\documents\visual studio 2010\Projects\520-S14-JelloCube\CreateWorld\Debug\mt.read.1.tlog
C:\Users\RezaulAkram\documents\visual studio 2010\Projects\520-S14-JelloCube\CreateWorld\Debug\mt.write.1.tlog
C:\USERS\REZAULAKRAM\DOCUMENTS\VISUAL STUDIO 2010\PROJECTS\520-S14-JELLOCUBE\CREATEWORLD\DEBUG\PHYSICS.OBJ
C:\USERS\REZAULAKRAM\DOCUMENTS\VISUAL STUDIO 2010\PROJECTS\520-S14-JELLOCUBE\CREATEWORLD\DEBUG\PIC.OBJ
C:\USERS\REZAULAKRAM\DOCUMENTS\VISUAL STUDIO 2010\PROJECTS\520-S14-JELLOCUBE\CREATEWORLD\DEBUG\PPM.OBJ
C:\USERS\REZAULAKRAM\DOCUMENTS\VISUAL STUDIO 2010\PROJECTS\520-S14-JELLOCUBE\CREATEWORLD\DEBUG\SHOWCUBE.OBJ
C:\Users\RezaulAkram\documents\visual studio 2010\Projects\520-S14-JelloCube\CreateWorld\Debug\vc100.idb
C:\USERS\REZAULAKRAM\DOCUMENTS\VISUAL STUDIO 2010\PROJECTS\520-S14-JELLOCUBE\CREATEWORLD\DEBUG\VC100.PDB
C:\USERS\REZAULAKRAM\DOCUMENTS\VISUAL STUDIO 2010\PROJECTS\520-S14-JELLOCUBE\DEBUG\CREATEWORLD.EXE
C:\USERS\REZAULAKRAM\DOCUMENTS\VISUAL STUDIO 2010\PROJECTS\520-S14-JELLOCUBE\DEBUG\CREATEWORLD.ILK
C:\USERS\REZAULAKRAM\DOCUMENTS\VISUAL STUDIO 2010\PROJECTS\520-S14-JELLOCUBE\DEBUG\CREATEWORLD.PDB
