C:\Users\RezaulAkram\Documents\Visual Studio 2010\Projects\520-S14-MoCap\csci520-assignment2-startercode\IDE-starter\VS2010\interpolate\Release\cl.command.1.tlog
C:\Users\RezaulAkram\Documents\Visual Studio 2010\Projects\520-S14-MoCap\csci520-assignment2-startercode\IDE-starter\VS2010\interpolate\Release\CL.read.1.tlog
C:\Users\RezaulAkram\Documents\Visual Studio 2010\Projects\520-S14-MoCap\csci520-assignment2-startercode\IDE-starter\VS2010\interpolate\Release\CL.write.1.tlog
C:\USERS\REZAULAKRAM\DOCUMENTS\VISUAL STUDIO 2010\PROJECTS\520-S14-MOCAP\CSCI520-ASSIGNMENT2-STARTERCODE\IDE-STARTER\VS2010\INTERPOLATE\RELEASE\INTERPOLATE.EXE.INTERMEDIATE.MANIFEST
C:\USERS\REZAULAKRAM\DOCUMENTS\VISUAL STUDIO 2010\PROJECTS\520-S14-MOCAP\CSCI520-ASSIGNMENT2-STARTERCODE\IDE-STARTER\VS2010\INTERPOLATE\RELEASE\INTERPOLATE.OBJ
C:\Users\RezaulAkram\Documents\Visual Studio 2010\Projects\520-S14-MoCap\csci520-assignment2-startercode\IDE-starter\VS2010\interpolate\Release\interpolate.vcxprojResolveAssemblyReference.cache
C:\Users\RezaulAkram\Documents\Visual Studio 2010\Projects\520-S14-MoCap\csci520-assignment2-startercode\IDE-starter\VS2010\interpolate\Release\interpolate.write.1.tlog
C:\USERS\REZAULAKRAM\DOCUMENTS\VISUAL STUDIO 2010\PROJECTS\520-S14-MOCAP\CSCI520-ASSIGNMENT2-STARTERCODE\IDE-STARTER\VS2010\INTERPOLATE\RELEASE\INTERPOLATOR.OBJ
C:\Users\RezaulAkram\Documents\Visual Studio 2010\Projects\520-S14-MoCap\csci520-assignment2-startercode\IDE-starter\VS2010\interpolate\Release\link.command.1.tlog
C:\Users\RezaulAkram\Documents\Visual Studio 2010\Projects\520-S14-MoCap\csci520-assignment2-startercode\IDE-starter\VS2010\interpolate\Release\link.read.1.tlog
C:\Users\RezaulAkram\Documents\Visual Studio 2010\Projects\520-S14-MoCap\csci520-assignment2-startercode\IDE-starter\VS2010\interpolate\Release\link.write.1.tlog
C:\USERS\REZAULAKRAM\DOCUMENTS\VISUAL STUDIO 2010\PROJECTS\520-S14-MOCAP\CSCI520-ASSIGNMENT2-STARTERCODE\IDE-STARTER\VS2010\INTERPOLATE\RELEASE\MOTION.OBJ
C:\Users\RezaulAkram\Documents\Visual Studio 2010\Projects\520-S14-MoCap\csci520-assignment2-startercode\IDE-starter\VS2010\interpolate\Release\mt.command.1.tlog
C:\Users\RezaulAkram\Documents\Visual Studio 2010\Projects\520-S14-MoCap\csci520-assignment2-startercode\IDE-starter\VS2010\interpolate\Release\mt.read.1.tlog
C:\Users\RezaulAkram\Documents\Visual Studio 2010\Projects\520-S14-MoCap\csci520-assignment2-startercode\IDE-starter\VS2010\interpolate\Release\mt.write.1.tlog
C:\USERS\REZAULAKRAM\DOCUMENTS\VISUAL STUDIO 2010\PROJECTS\520-S14-MOCAP\CSCI520-ASSIGNMENT2-STARTERCODE\IDE-STARTER\VS2010\INTERPOLATE\RELEASE\PERFORMANCECOUNTER.OBJ
C:\USERS\REZAULAKRAM\DOCUMENTS\VISUAL STUDIO 2010\PROJECTS\520-S14-MOCAP\CSCI520-ASSIGNMENT2-STARTERCODE\IDE-STARTER\VS2010\INTERPOLATE\RELEASE\POSTURE.OBJ
C:\USERS\REZAULAKRAM\DOCUMENTS\VISUAL STUDIO 2010\PROJECTS\520-S14-MOCAP\CSCI520-ASSIGNMENT2-STARTERCODE\IDE-STARTER\VS2010\INTERPOLATE\RELEASE\QUATERNION.OBJ
C:\USERS\REZAULAKRAM\DOCUMENTS\VISUAL STUDIO 2010\PROJECTS\520-S14-MOCAP\CSCI520-ASSIGNMENT2-STARTERCODE\IDE-STARTER\VS2010\INTERPOLATE\RELEASE\SKELETON.OBJ
C:\USERS\REZAULAKRAM\DOCUMENTS\VISUAL STUDIO 2010\PROJECTS\520-S14-MOCAP\CSCI520-ASSIGNMENT2-STARTERCODE\IDE-STARTER\VS2010\INTERPOLATE\RELEASE\TRANSFORM.OBJ
C:\USERS\REZAULAKRAM\DOCUMENTS\VISUAL STUDIO 2010\PROJECTS\520-S14-MOCAP\CSCI520-ASSIGNMENT2-STARTERCODE\IDE-STARTER\VS2010\INTERPOLATE\RELEASE\VC100.PDB
C:\USERS\REZAULAKRAM\DOCUMENTS\VISUAL STUDIO 2010\PROJECTS\520-S14-MOCAP\CSCI520-ASSIGNMENT2-STARTERCODE\IDE-STARTER\VS2010\INTERPOLATE\RELEASE\VECTOR.OBJ
C:\USERS\REZAULAKRAM\DOCUMENTS\VISUAL STUDIO 2010\PROJECTS\520-S14-MOCAP\CSCI520-ASSIGNMENT2-STARTERCODE\IDE-STARTER\VS2010\RELEASE\INTERPOLATE.EXE
C:\USERS\REZAULAKRAM\DOCUMENTS\VISUAL STUDIO 2010\PROJECTS\520-S14-MOCAP\CSCI520-ASSIGNMENT2-STARTERCODE\IDE-STARTER\VS2010\RELEASE\INTERPOLATE.PDB
