Build started 2/12/2014 8:49:43 PM.
     1>Project "C:\Users\RezaulAkram\documents\visual studio 2010\Projects\520-S14-JelloCube\520-S14-JelloCube\520-S14-JelloCube.vcxproj" on node 3 (rebuild target(s)).
     1>_PrepareForClean:
         Deleting file "Debug\520-S14-JelloCube.lastbuildstate".
       InitializeBuildStatus:
         Creating "Debug\520-S14-JelloCube.unsuccessfulbuild" because "AlwaysCreate" was specified.
       ClCompile:
         C:\Program Files\Microsoft Visual Studio 10.0\VC\bin\CL.exe /c /ZI /nologo /W3 /WX- /Od /Oy- /D _MBCS /Gm /EHsc /RTC1 /MDd /GS /fp:precise /Zc:wchar_t /Zc:forScope /Fo"Debug\\" /Fd"Debug\vc100.pdb" /Gd /TP /analyze- /errorReport:prompt ..\createWorld.cpp
         createWorld.cpp
     1>c:\users\rezaulakram\documents\visual studio 2010\projects\520-s14-jellocube\createworld.cpp(62): warning C4996: 'fopen': This function or variable may be unsafe. Consider using fopen_s instead. To disable deprecation, use _CRT_SECURE_NO_WARNINGS. See online help for details.
                 c:\program files\microsoft visual studio 10.0\vc\include\stdio.h(234) : see declaration of 'fopen'
     1>c:\users\rezaulakram\documents\visual studio 2010\projects\520-s14-jellocube\createworld.cpp(134): warning C4996: 'strcpy': This function or variable may be unsafe. Consider using strcpy_s instead. To disable deprecation, use _CRT_SECURE_NO_WARNINGS. See online help for details.
                 c:\program files\microsoft visual studio 10.0\vc\include\string.h(105) : see declaration of 'strcpy'
       Link:
         C:\Program Files\Microsoft Visual Studio 10.0\VC\bin\link.exe /ERRORREPORT:PROMPT /OUT:"C:\Users\RezaulAkram\documents\visual studio 2010\Projects\520-S14-JelloCube\Debug\520-S14-JelloCube.exe" /NOLOGO kernel32.lib user32.lib gdi32.lib winspool.lib comdlg32.lib advapi32.lib shell32.lib ole32.lib oleaut32.lib uuid.lib odbc32.lib odbccp32.lib /MANIFEST /ManifestFile:"Debug\520-S14-JelloCube.exe.intermediate.manifest" /MANIFESTUAC:"level='asInvoker' uiAccess='false'" /DEBUG /PDB:"C:\Users\RezaulAkram\documents\visual studio 2010\Projects\520-S14-JelloCube\Debug\520-S14-JelloCube.pdb" /TLBID:1 /DYNAMICBASE /NXCOMPAT /IMPLIB:"C:\Users\RezaulAkram\documents\visual studio 2010\Projects\520-S14-JelloCube\Debug\520-S14-JelloCube.lib" /MACHINE:X86 Debug\createWorld.obj
         520-S14-JelloCube.vcxproj -> C:\Users\RezaulAkram\documents\visual studio 2010\Projects\520-S14-JelloCube\Debug\520-S14-JelloCube.exe
       Manifest:
         C:\Program Files\Microsoft SDKs\Windows\v7.0A\bin\mt.exe /nologo /verbose /outputresource:"C:\Users\RezaulAkram\documents\visual studio 2010\Projects\520-S14-JelloCube\Debug\520-S14-JelloCube.exe;#1" /manifest "Debug\520-S14-JelloCube.exe.intermediate.manifest"
       FinalizeBuildStatus:
         Deleting file "Debug\520-S14-JelloCube.unsuccessfulbuild".
         Touching "Debug\520-S14-JelloCube.lastbuildstate".
     1>Done Building Project "C:\Users\RezaulAkram\documents\visual studio 2010\Projects\520-S14-JelloCube\520-S14-JelloCube\520-S14-JelloCube.vcxproj" (rebuild target(s)).

Build succeeded.

Time Elapsed 00:00:05.45
